[2019-05-15 18:18:54.838] [sharedprocess] [info] main {"machineId":"a714288840b63457647dd3566319a6fc41ac6151113e0887becb340b8f69abb4"}
[2019-05-15 18:18:55.252] [sharedprocess] [info] Scanned user extensions: 3
[2019-05-15 18:18:55.595] [sharedprocess] [info] Scanned system extensions: 72
[2019-05-15 18:18:55.600] [sharedprocess] [info] Deleted from disk ms-vscode.cpptools /home/drsavage/.vscode/extensions/ms-vscode.cpptools-0.22.1
[2019-05-15 18:18:57.291] [sharedprocess] [info] Scanned user extensions: 3
[2019-05-15 18:18:57.296] [sharedprocess] [info] Scanned user extensions: 3
[2019-05-15 18:18:57.439] [sharedprocess] [info] Scanned system extensions: 72
[2019-05-15 18:18:57.461] [sharedprocess] [info] Scanned system extensions: 72
[2019-05-15 18:18:59.255] [sharedprocess] [info] Scanned user extensions: 3
[2019-05-15 18:19:34.901] [sharedprocess] [info] Starting to clean up unused language packs.
[2019-05-15 18:24:00.790] [sharedprocess] [info] Scanned user extensions: 3
[2019-05-15 18:26:30.775] [sharedprocess] [info] Scanned user extensions: 3
[2019-05-15 18:26:30.904] [sharedprocess] [info] Scanned system extensions: 72
[2019-05-15 18:29:01.004] [sharedprocess] [info] Scanned user extensions: 3
[2019-05-15 18:34:01.444] [sharedprocess] [info] Scanned user extensions: 3
[2019-05-15 18:39:01.964] [sharedprocess] [info] Scanned user extensions: 3
[2019-05-15 18:44:02.086] [sharedprocess] [info] Scanned user extensions: 3
[2019-05-15 18:49:02.183] [sharedprocess] [info] Scanned user extensions: 3
[2019-05-15 18:54:02.284] [sharedprocess] [info] Scanned user extensions: 3
[2019-05-15 18:59:02.494] [sharedprocess] [info] Scanned user extensions: 3
[2019-05-15 19:04:02.699] [sharedprocess] [info] Scanned user extensions: 3
[2019-05-15 19:09:02.798] [sharedprocess] [info] Scanned user extensions: 3
[2019-05-15 19:14:02.985] [sharedprocess] [info] Scanned user extensions: 3
[2019-05-15 19:19:03.079] [sharedprocess] [info] Scanned user extensions: 3
[2019-05-15 19:24:04.745] [sharedprocess] [info] Scanned user extensions: 3
[2019-05-15 19:29:05.024] [sharedprocess] [info] Scanned user extensions: 3
[2019-05-15 19:34:05.456] [sharedprocess] [info] Scanned user extensions: 3
[2019-05-15 19:39:05.751] [sharedprocess] [info] Scanned user extensions: 3
[2019-05-15 19:44:05.878] [sharedprocess] [info] Scanned user extensions: 3
[2019-05-15 19:49:06.159] [sharedprocess] [info] Scanned user extensions: 3
[2019-05-15 19:54:06.420] [sharedprocess] [info] Scanned user extensions: 3
[2019-05-15 19:59:06.487] [sharedprocess] [info] Scanned user extensions: 3
[2019-05-15 20:04:06.669] [sharedprocess] [info] Scanned user extensions: 3
[2019-05-15 20:09:06.916] [sharedprocess] [info] Scanned user extensions: 3
[2019-05-15 20:14:07.161] [sharedprocess] [info] Scanned user extensions: 3
[2019-05-15 20:19:07.625] [sharedprocess] [info] Scanned user extensions: 3
[2019-05-15 20:24:08.565] [sharedprocess] [info] Scanned user extensions: 3
[2019-05-15 20:29:08.900] [sharedprocess] [info] Scanned user extensions: 3
[2019-05-15 20:34:09.011] [sharedprocess] [info] Scanned user extensions: 3
[2019-05-15 20:39:09.294] [sharedprocess] [info] Scanned user extensions: 3
