Starting Jedi Python language engine.
##########Linting Output - pylint##########
************* Module captcha.generator_img
20,4,error,assignment-from-no-return:Assigning result of a function call, where the function has no return
20,4,warning,unused-variable:Unused variable 'base_text'
21,4,warning,unused-variable:Unused variable 'pepper'

-------------------------------------------------------------------
Your code has been rated at 5.62/10 (previous run: -2.50/10, +8.12)

##########Linting Output - pylint##########
************* Module captcha.generator_img
20,4,error,assignment-from-no-return:Assigning result of a function call, where the function has no return
21,4,warning,unused-variable:Unused variable 'pepper'
20,4,warning,unused-variable:Unused variable 'base_text'

------------------------------------------------------------------
Your code has been rated at 5.62/10 (previous run: 5.62/10, +0.00)

##########Linting Output - pylint##########
************* Module captcha.generator_img
23,4,warning,unused-variable:Unused variable 'pepper'
22,4,warning,unused-variable:Unused variable 'base_text'

------------------------------------------------------------------
Your code has been rated at 9.59/10 (previous run: 5.62/10, +3.97)

##########Linting Output - pylint##########
************* Module captcha.generator_img
23,4,warning,unused-variable:Unused variable 'pepper'
22,4,warning,unused-variable:Unused variable 'base_text'

------------------------------------------------------------------
Your code has been rated at 9.59/10 (previous run: 9.59/10, +0.00)

##########Linting Output - pylint##########
##########Linting Output - pylint##########
************* Module generator_img
23,4,warning,unused-variable:Unused variable 'pepper'
22,4,warning,unused-variable:Unused variable 'base_text'

-----------------------------------
Your code has been rated at 9.59/10

##########Linting Output - pylint##########
************* Module generator_img
23,4,warning,unused-variable:Unused variable 'base_text'
24,4,warning,unused-variable:Unused variable 'pepper'
##########Linting Output - pylint##########
##########Linting Output - pylint##########
##########Linting Output - pylint##########
##########Linting Output - pylint##########
************* Module generator_img
23,4,warning,unused-variable:Unused variable 'base_text'
24,4,warning,unused-variable:Unused variable 'pepper'

------------------------------------------------------------------
Your code has been rated at 9.60/10 (previous run: 9.59/10, +0.01)

##########Linting Output - pylint##########
************* Module generator_img
13,62,error,undefined-variable:Undefined variable 'np'
24,4,warning,unused-variable:Unused variable 'pepper'
23,4,warning,unused-variable:Unused variable 'base_text'
38,11,error,undefined-variable:Undefined variable 'np'

------------------------------------------------------------------
Your code has been rated at 7.55/10 (previous run: 9.60/10, -2.05)

##########Linting Output - pylint##########
************* Module generator_img
23,4,warning,unused-variable:Unused variable 'base_text'
24,4,warning,unused-variable:Unused variable 'pepper'
38,11,error,undefined-variable:Undefined variable 'np'

------------------------------------------------------------------
Your code has been rated at 8.57/10 (previous run: 7.55/10, +1.02)

##########Linting Output - pylint##########
************* Module generator_img
24,4,warning,unused-variable:Unused variable 'pepper'
23,4,warning,unused-variable:Unused variable 'base_text'

------------------------------------------------------------------
Your code has been rated at 9.59/10 (previous run: 8.57/10, +1.02)

##########Linting Output - pylint##########
************* Module generator_img
23,4,warning,unused-variable:Unused variable 'base_text'
24,4,warning,unused-variable:Unused variable 'pepper'

------------------------------------------------------------------
Your code has been rated at 9.59/10 (previous run: 9.59/10, +0.00)

##########Linting Output - pylint##########
************* Module generator_img
23,4,warning,unused-variable:Unused variable 'base_text'
24,4,warning,unused-variable:Unused variable 'pepper'

------------------------------------------------------------------
Your code has been rated at 9.59/10 (previous run: 9.59/10, +0.00)

##########Linting Output - pylint##########
************* Module generator_img
23,4,warning,unused-variable:Unused variable 'base_text'
24,4,warning,unused-variable:Unused variable 'pepper'

------------------------------------------------------------------
Your code has been rated at 9.59/10 (previous run: 9.59/10, +0.00)

##########Linting Output - pylint##########
************* Module generator_img
23,4,warning,unused-variable:Unused variable 'base_text'
24,4,warning,unused-variable:Unused variable 'pepper'

------------------------------------------------------------------
Your code has been rated at 9.59/10 (previous run: 9.59/10, +0.00)

##########Linting Output - pylint##########
##########Linting Output - pylint##########
************* Module generator_img
23,4,warning,unused-variable:Unused variable 'base_text'
24,4,warning,unused-variable:Unused variable 'pepper'

------------------------------------------------------------------
Your code has been rated at 9.59/10 (previous run: 9.59/10, +0.00)

##########Linting Output - pylint##########
************* Module generator_img
23,4,warning,unused-variable:Unused variable 'base_text'
24,4,warning,unused-variable:Unused variable 'pepper'

------------------------------------------------------------------
Your code has been rated at 9.60/10 (previous run: 9.59/10, +0.01)

##########Linting Output - pylint##########
##########Linting Output - pylint##########
##########Linting Output - pylint##########
************* Module generator_img
23,4,warning,unused-variable:Unused variable 'base_text'
24,4,warning,unused-variable:Unused variable 'pepper'

------------------------------------------------------------------
Your code has been rated at 9.61/10 (previous run: 9.60/10, +0.01)

##########Linting Output - pylint##########
##########Linting Output - pylint##########
************* Module generator_img
23,4,warning,unused-variable:Unused variable 'base_text'
24,4,warning,unused-variable:Unused variable 'pepper'

------------------------------------------------------------------
Your code has been rated at 9.61/10 (previous run: 9.61/10, +0.00)

##########Linting Output - pylint##########
##########Linting Output - pylint##########
##########Linting Output - pylint##########
************* Module generator_img
24,4,warning,unused-variable:Unused variable 'pepper'
23,4,warning,unused-variable:Unused variable 'base_text'
81,10,error,undefined-variable:Undefined variable 'your_image'
82,12,error,undefined-variable:Undefined variable 'fname'
82,19,error,undefined-variable:Undefined variable 'dpi'

------------------------------------------------------------------
Your code has been rated at 7.02/10 (previous run: 9.61/10, -2.59)

##########Linting Output - pylint##########
************* Module generator_img
27,4,warning,unused-variable:Unused variable 'base_text'
28,4,warning,unused-variable:Unused variable 'pepper'
##########Linting Output - pylint##########
************* Module generator_img
27,4,warning,unused-variable:Unused variable 'base_text'
28,4,warning,unused-variable:Unused variable 'pepper'

------------------------------------------------------------------
Your code has been rated at 9.64/10 (previous run: 7.02/10, +2.62)

##########Linting Output - pylint##########
##########Linting Output - pylint##########
************* Module generator_img
23,4,warning,unused-variable:Unused variable 'base_text'
24,4,warning,unused-variable:Unused variable 'pepper'

------------------------------------------------------------------
Your code has been rated at 9.64/10 (previous run: 9.64/10, +0.01)

##########Linting Output - pylint##########
************* Module generator_img
69,0,warning,unnecessary-semicolon:Unnecessary semicolon
##########Linting Output - pylint##########
************* Module generator_img
69,0,warning,unnecessary-semicolon:Unnecessary semicolon
##########Linting Output - pylint##########
##########Linting Output - pylint##########
************* Module matplotlib.pyplot
306,0,error,function-redefined:function already defined line 43

-----------------------------------
Your code has been rated at 9.94/10

##########Linting Output - pylint##########
************* Module generator_img
69,0,warning,unnecessary-semicolon:Unnecessary semicolon
23,4,warning,unused-variable:Unused variable 'base_text'
24,4,warning,unused-variable:Unused variable 'pepper'

------------------------------------------------------------------
Your code has been rated at 9.48/10 (previous run: 9.64/10, -0.16)

##########Linting Output - pylint##########
************* Module generator_img
69,0,warning,unnecessary-semicolon:Unnecessary semicolon
24,4,warning,unused-variable:Unused variable 'pepper'
23,4,warning,unused-variable:Unused variable 'base_text'

------------------------------------------------------------------
Your code has been rated at 9.50/10 (previous run: 9.48/10, +0.02)

##########Linting Output - pylint##########
************* Module generator_img
24,4,warning,unused-variable:Unused variable 'pepper'
23,4,warning,unused-variable:Unused variable 'base_text'

------------------------------------------------------------------
Your code has been rated at 9.67/10 (previous run: 9.50/10, +0.17)

##########Linting Output - pylint##########
##########Linting Output - pylint##########
************* Module generator_img
24,4,warning,unused-variable:Unused variable 'pepper'
23,4,warning,unused-variable:Unused variable 'base_text'

------------------------------------------------------------------
Your code has been rated at 9.66/10 (previous run: 9.67/10, -0.01)

##########Linting Output - pylint##########
************* Module generator_img
24,4,warning,unused-variable:Unused variable 'pepper'
23,4,warning,unused-variable:Unused variable 'base_text'

------------------------------------------------------------------
Your code has been rated at 9.66/10 (previous run: 9.66/10, +0.00)

##########Linting Output - pylint##########
************* Module generator_img
20,8,error,unsupported-assignment-operation:'rand_char' does not support item assignment
26,4,warning,unused-variable:Unused variable 'base_text'
27,4,warning,unused-variable:Unused variable 'pepper'

------------------------------------------------------------------
Your code has been rated at 8.85/10 (previous run: 9.66/10, -0.81)

##########Linting Output - pylint##########
##########Linting Output - pylint##########
************* Module generator_img
28,4,warning,unused-variable:Unused variable 'pepper'
27,4,warning,unused-variable:Unused variable 'base_text'

------------------------------------------------------------------
Your code has been rated at 9.67/10 (previous run: 8.85/10, +0.82)

##########Linting Output - pylint##########
************* Module generator_img
28,4,warning,unused-variable:Unused variable 'pepper'
27,4,warning,unused-variable:Unused variable 'base_text'

------------------------------------------------------------------
Your code has been rated at 9.67/10 (previous run: 9.67/10, +0.00)

##########Linting Output - pylint##########
************* Module generator_img
27,4,warning,unused-variable:Unused variable 'base_text'
28,4,warning,unused-variable:Unused variable 'pepper'

------------------------------------------------------------------
Your code has been rated at 9.67/10 (previous run: 9.67/10, +0.00)

##########Linting Output - pylint##########
************* Module generator_img
27,4,warning,unused-variable:Unused variable 'base_text'
28,4,warning,unused-variable:Unused variable 'pepper'

------------------------------------------------------------------
Your code has been rated at 9.67/10 (previous run: 9.67/10, +0.00)

##########Linting Output - pylint##########
************* Module generator_img
28,4,warning,unused-variable:Unused variable 'pepper'
27,4,warning,unused-variable:Unused variable 'base_text'

------------------------------------------------------------------
Your code has been rated at 9.67/10 (previous run: 9.67/10, +0.00)

##########Linting Output - pylint##########
************* Module generator_img
27,4,warning,unused-variable:Unused variable 'base_text'
28,4,warning,unused-variable:Unused variable 'pepper'
86,0,error,return-outside-function:Return outside function
##########Linting Output - pylint##########
************* Module generator_img
27,4,warning,unused-variable:Unused variable 'base_text'
28,4,warning,unused-variable:Unused variable 'pepper'

------------------------------------------------------------------
Your code has been rated at 9.66/10 (previous run: 9.67/10, -0.01)

##########Linting Output - pylint##########
************* Module generator_img
28,4,warning,unused-variable:Unused variable 'pepper'
27,4,warning,unused-variable:Unused variable 'base_text'

------------------------------------------------------------------
Your code has been rated at 9.66/10 (previous run: 9.66/10, +0.00)

##########Linting Output - pylint##########
************* Module generator_img
28,4,warning,unused-variable:Unused variable 'pepper'
27,4,warning,unused-variable:Unused variable 'base_text'

------------------------------------------------------------------
Your code has been rated at 9.66/10 (previous run: 9.66/10, +0.00)

##########Linting Output - pylint##########
************* Module generator_img
27,4,warning,unused-variable:Unused variable 'base_text'
28,4,warning,unused-variable:Unused variable 'pepper'

------------------------------------------------------------------
Your code has been rated at 9.66/10 (previous run: 9.66/10, +0.00)

##########Linting Output - pylint##########
************* Module generator_img
27,4,warning,unused-variable:Unused variable 'base_text'
28,4,warning,unused-variable:Unused variable 'pepper'

------------------------------------------------------------------
Your code has been rated at 9.66/10 (previous run: 9.66/10, +0.00)

##########Linting Output - pylint##########
************* Module generator_img
27,4,warning,unused-variable:Unused variable 'base_text'
28,4,warning,unused-variable:Unused variable 'pepper'

------------------------------------------------------------------
Your code has been rated at 9.66/10 (previous run: 9.66/10, +0.00)

##########Linting Output - pylint##########
##########Linting Output - pylint##########
************* Module generator_img
27,4,warning,unused-variable:Unused variable 'base_text'
28,4,warning,unused-variable:Unused variable 'pepper'
59,42,warning,unused-variable:Unused variable 'prob'

------------------------------------------------------------------
Your code has been rated at 9.49/10 (previous run: 9.66/10, -0.17)

##########Linting Output - pylint##########
************* Module generator_img
28,4,warning,unused-variable:Unused variable 'pepper'
27,4,warning,unused-variable:Unused variable 'base_text'

------------------------------------------------------------------
Your code has been rated at 9.67/10 (previous run: 9.49/10, +0.18)

##########Linting Output - pylint##########
************* Module generator_img
27,4,warning,unused-variable:Unused variable 'base_text'
28,4,warning,unused-variable:Unused variable 'pepper'

------------------------------------------------------------------
Your code has been rated at 9.68/10 (previous run: 9.67/10, +0.01)

##########Linting Output - pylint##########
************* Module generator_img
27,4,warning,unused-variable:Unused variable 'base_text'
28,4,warning,unused-variable:Unused variable 'pepper'

------------------------------------------------------------------
Your code has been rated at 9.68/10 (previous run: 9.68/10, +0.00)

##########Linting Output - pylint##########
************* Module generator_img
28,4,warning,unused-variable:Unused variable 'pepper'
27,4,warning,unused-variable:Unused variable 'base_text'

------------------------------------------------------------------
Your code has been rated at 9.68/10 (previous run: 9.68/10, +0.00)

##########Linting Output - pylint##########
##########Linting Output - pylint##########
##########Linting Output - pylint##########
************* Module generator_img
27,4,warning,unused-variable:Unused variable 'base_text'
28,4,warning,unused-variable:Unused variable 'pepper'

------------------------------------------------------------------
Your code has been rated at 9.68/10 (previous run: 9.68/10, +0.01)

##########Linting Output - pylint##########
##########Linting Output - pylint##########
************* Module generator_img
28,4,warning,unused-variable:Unused variable 'pepper'
27,4,warning,unused-variable:Unused variable 'base_text'

------------------------------------------------------------------
Your code has been rated at 9.69/10 (previous run: 9.68/10, +0.00)

##########Linting Output - pylint##########
************* Module generator_img
28,4,warning,unused-variable:Unused variable 'pepper'
27,4,warning,unused-variable:Unused variable 'base_text'

------------------------------------------------------------------
Your code has been rated at 9.68/10 (previous run: 9.69/10, -0.00)

##########Linting Output - pylint##########
************* Module generator_img
27,4,warning,unused-variable:Unused variable 'base_text'
28,4,warning,unused-variable:Unused variable 'pepper'

------------------------------------------------------------------
Your code has been rated at 9.68/10 (previous run: 9.68/10, +0.00)

##########Linting Output - pylint##########
************* Module generator_img
28,4,warning,unused-variable:Unused variable 'pepper'
27,4,warning,unused-variable:Unused variable 'base_text'

------------------------------------------------------------------
Your code has been rated at 9.68/10 (previous run: 9.68/10, +0.00)

##########Linting Output - pylint##########
************* Module generator_img
27,4,warning,unused-variable:Unused variable 'base_text'
28,4,warning,unused-variable:Unused variable 'pepper'

------------------------------------------------------------------
Your code has been rated at 9.68/10 (previous run: 9.68/10, +0.00)

##########Linting Output - pylint##########
************* Module generator_img
28,4,warning,unused-variable:Unused variable 'pepper'
27,4,warning,unused-variable:Unused variable 'base_text'

------------------------------------------------------------------
Your code has been rated at 9.68/10 (previous run: 9.68/10, +0.00)

##########Linting Output - pylint##########
##########Linting Output - pylint##########
************* Module generator_img
28,4,warning,unused-variable:Unused variable 'pepper'
27,4,warning,unused-variable:Unused variable 'base_text'
88,4,warning,unused-variable:Unused variable 'text'

------------------------------------------------------------------
Your code has been rated at 9.52/10 (previous run: 9.68/10, -0.17)

##########Linting Output - pylint##########
************* Module generator_img
81,0,error,syntax-error:invalid syntax (<unknown>, line 81)
##########Linting Output - pylint##########
************* Module generator_img
27,4,warning,unused-variable:Unused variable 'base_text'
28,4,warning,unused-variable:Unused variable 'pepper'

------------------------------------------------------------------
Your code has been rated at 9.68/10 (previous run: 9.52/10, +0.17)

##########Linting Output - pylint##########
************* Module generator_img
28,4,warning,unused-variable:Unused variable 'pepper'
27,4,warning,unused-variable:Unused variable 'base_text'

------------------------------------------------------------------
Your code has been rated at 9.69/10 (previous run: 9.68/10, +0.00)

##########Linting Output - pylint##########
************* Module generator_img
27,4,warning,unused-variable:Unused variable 'base_text'
28,4,warning,unused-variable:Unused variable 'pepper'

------------------------------------------------------------------
Your code has been rated at 9.69/10 (previous run: 9.69/10, +0.00)

##########Linting Output - pylint##########
************* Module generator_img
28,4,warning,unused-variable:Unused variable 'pepper'
27,4,warning,unused-variable:Unused variable 'base_text'

------------------------------------------------------------------
Your code has been rated at 9.69/10 (previous run: 9.69/10, +0.00)

##########Linting Output - pylint##########
************* Module generator_img
28,4,warning,unused-variable:Unused variable 'pepper'
27,4,warning,unused-variable:Unused variable 'base_text'

------------------------------------------------------------------
Your code has been rated at 9.69/10 (previous run: 9.69/10, +0.00)

##########Linting Output - pylint##########
************* Module generator_img
28,4,warning,unused-variable:Unused variable 'pepper'
27,4,warning,unused-variable:Unused variable 'base_text'

------------------------------------------------------------------
Your code has been rated at 9.69/10 (previous run: 9.69/10, +0.00)

##########Linting Output - pylint##########
************* Module generator_img
28,4,warning,unused-variable:Unused variable 'pepper'
27,4,warning,unused-variable:Unused variable 'base_text'

------------------------------------------------------------------
Your code has been rated at 9.69/10 (previous run: 9.69/10, +0.00)

##########Linting Output - pylint##########
************* Module generator_img
27,4,warning,unused-variable:Unused variable 'base_text'
28,4,warning,unused-variable:Unused variable 'pepper'

------------------------------------------------------------------
Your code has been rated at 9.69/10 (previous run: 9.69/10, +0.00)

